[19:15:56:022] [ERROR] - com.util.DataBaseUtil.getCon(DataBaseUtil.java:65) - 获取连接时出现异常
javax.naming.NoInitialContextException: Need to specify class name in environment or system property, or as an applet parameter, or in an application resource file:  java.naming.factory.initial
	at javax.naming.spi.NamingManager.getInitialContext(NamingManager.java:662) ~[?:1.8.0_281]
	at javax.naming.InitialContext.getDefaultInitCtx(InitialContext.java:313) ~[?:1.8.0_281]
	at javax.naming.InitialContext.getURLOrDefaultInitCtx(InitialContext.java:350) ~[?:1.8.0_281]
	at javax.naming.InitialContext.lookup(InitialContext.java:417) ~[?:1.8.0_281]
	at com.util.DataBaseUtil.getCon(DataBaseUtil.java:57) [classes/:?]
	at com.test.TestSql.mainTest(TestSql.java:17) [classes/:?]
	at sun.reflect.NativeMethodAccessorImpl.invoke0(Native Method) ~[?:1.8.0_281]
	at sun.reflect.NativeMethodAccessorImpl.invoke(NativeMethodAccessorImpl.java:62) ~[?:1.8.0_281]
	at sun.reflect.DelegatingMethodAccessorImpl.invoke(DelegatingMethodAccessorImpl.java:43) ~[?:1.8.0_281]
	at java.lang.reflect.Method.invoke(Method.java:498) ~[?:1.8.0_281]
	at org.junit.runners.model.FrameworkMethod$1.runReflectiveCall(FrameworkMethod.java:59) [junit-4.13.1.jar:4.13.1]
	at org.junit.internal.runners.model.ReflectiveCallable.run(ReflectiveCallable.java:12) [junit-4.13.1.jar:4.13.1]
	at org.junit.runners.model.FrameworkMethod.invokeExplosively(FrameworkMethod.java:56) [junit-4.13.1.jar:4.13.1]
	at org.junit.internal.runners.statements.InvokeMethod.evaluate(InvokeMethod.java:17) [junit-4.13.1.jar:4.13.1]
	at org.junit.runners.ParentRunner$3.evaluate(ParentRunner.java:306) [junit-4.13.1.jar:4.13.1]
	at org.junit.runners.BlockJUnit4ClassRunner$1.evaluate(BlockJUnit4ClassRunner.java:100) [junit-4.13.1.jar:4.13.1]
	at org.junit.runners.ParentRunner.runLeaf(ParentRunner.java:366) [junit-4.13.1.jar:4.13.1]
	at org.junit.runners.BlockJUnit4ClassRunner.runChild(BlockJUnit4ClassRunner.java:103) [junit-4.13.1.jar:4.13.1]
	at org.junit.runners.BlockJUnit4ClassRunner.runChild(BlockJUnit4ClassRunner.java:63) [junit-4.13.1.jar:4.13.1]
	at org.junit.runners.ParentRunner$4.run(ParentRunner.java:331) [junit-4.13.1.jar:4.13.1]
	at org.junit.runners.ParentRunner$1.schedule(ParentRunner.java:79) [junit-4.13.1.jar:4.13.1]
	at org.junit.runners.ParentRunner.runChildren(ParentRunner.java:329) [junit-4.13.1.jar:4.13.1]
	at org.junit.runners.ParentRunner.access$100(ParentRunner.java:66) [junit-4.13.1.jar:4.13.1]
	at org.junit.runners.ParentRunner$2.evaluate(ParentRunner.java:293) [junit-4.13.1.jar:4.13.1]
	at org.junit.runners.ParentRunner$3.evaluate(ParentRunner.java:306) [junit-4.13.1.jar:4.13.1]
	at org.junit.runners.ParentRunner.run(ParentRunner.java:413) [junit-4.13.1.jar:4.13.1]
	at org.junit.runner.JUnitCore.run(JUnitCore.java:137) [junit-4.13.1.jar:4.13.1]
	at com.intellij.junit4.JUnit4IdeaTestRunner.startRunnerWithArgs(JUnit4IdeaTestRunner.java:69) [junit-rt.jar:?]
	at com.intellij.rt.junit.IdeaTestRunner$Repeater.startRunnerWithArgs(IdeaTestRunner.java:33) [junit-rt.jar:?]
	at com.intellij.rt.junit.JUnitStarter.prepareStreamsAndStart(JUnitStarter.java:221) [junit-rt.jar:?]
	at com.intellij.rt.junit.JUnitStarter.main(JUnitStarter.java:54) [junit-rt.jar:?]
[19:15:56:051] [ERROR] - com.util.DataBaseUtil.getCon(DataBaseUtil.java:65) - 获取连接时出现异常
javax.naming.NoInitialContextException: Need to specify class name in environment or system property, or as an applet parameter, or in an application resource file:  java.naming.factory.initial
	at javax.naming.spi.NamingManager.getInitialContext(NamingManager.java:662) ~[?:1.8.0_281]
	at javax.naming.InitialContext.getDefaultInitCtx(InitialContext.java:313) ~[?:1.8.0_281]
	at javax.naming.InitialContext.getURLOrDefaultInitCtx(InitialContext.java:350) ~[?:1.8.0_281]
	at javax.naming.InitialContext.lookup(InitialContext.java:417) ~[?:1.8.0_281]
	at com.util.DataBaseUtil.getCon(DataBaseUtil.java:57) [classes/:?]
	at com.Service.impl.BlogServiceImpl.findAllBlogInfo(BlogServiceImpl.java:164) [classes/:?]
	at com.test.TestSql.mainTest(TestSql.java:19) [classes/:?]
	at sun.reflect.NativeMethodAccessorImpl.invoke0(Native Method) ~[?:1.8.0_281]
	at sun.reflect.NativeMethodAccessorImpl.invoke(NativeMethodAccessorImpl.java:62) ~[?:1.8.0_281]
	at sun.reflect.DelegatingMethodAccessorImpl.invoke(DelegatingMethodAccessorImpl.java:43) ~[?:1.8.0_281]
	at java.lang.reflect.Method.invoke(Method.java:498) ~[?:1.8.0_281]
	at org.junit.runners.model.FrameworkMethod$1.runReflectiveCall(FrameworkMethod.java:59) [junit-4.13.1.jar:4.13.1]
	at org.junit.internal.runners.model.ReflectiveCallable.run(ReflectiveCallable.java:12) [junit-4.13.1.jar:4.13.1]
	at org.junit.runners.model.FrameworkMethod.invokeExplosively(FrameworkMethod.java:56) [junit-4.13.1.jar:4.13.1]
	at org.junit.internal.runners.statements.InvokeMethod.evaluate(InvokeMethod.java:17) [junit-4.13.1.jar:4.13.1]
	at org.junit.runners.ParentRunner$3.evaluate(ParentRunner.java:306) [junit-4.13.1.jar:4.13.1]
	at org.junit.runners.BlockJUnit4ClassRunner$1.evaluate(BlockJUnit4ClassRunner.java:100) [junit-4.13.1.jar:4.13.1]
	at org.junit.runners.ParentRunner.runLeaf(ParentRunner.java:366) [junit-4.13.1.jar:4.13.1]
	at org.junit.runners.BlockJUnit4ClassRunner.runChild(BlockJUnit4ClassRunner.java:103) [junit-4.13.1.jar:4.13.1]
	at org.junit.runners.BlockJUnit4ClassRunner.runChild(BlockJUnit4ClassRunner.java:63) [junit-4.13.1.jar:4.13.1]
	at org.junit.runners.ParentRunner$4.run(ParentRunner.java:331) [junit-4.13.1.jar:4.13.1]
	at org.junit.runners.ParentRunner$1.schedule(ParentRunner.java:79) [junit-4.13.1.jar:4.13.1]
	at org.junit.runners.ParentRunner.runChildren(ParentRunner.java:329) [junit-4.13.1.jar:4.13.1]
	at org.junit.runners.ParentRunner.access$100(ParentRunner.java:66) [junit-4.13.1.jar:4.13.1]
	at org.junit.runners.ParentRunner$2.evaluate(ParentRunner.java:293) [junit-4.13.1.jar:4.13.1]
	at org.junit.runners.ParentRunner$3.evaluate(ParentRunner.java:306) [junit-4.13.1.jar:4.13.1]
	at org.junit.runners.ParentRunner.run(ParentRunner.java:413) [junit-4.13.1.jar:4.13.1]
	at org.junit.runner.JUnitCore.run(JUnitCore.java:137) [junit-4.13.1.jar:4.13.1]
	at com.intellij.junit4.JUnit4IdeaTestRunner.startRunnerWithArgs(JUnit4IdeaTestRunner.java:69) [junit-rt.jar:?]
	at com.intellij.rt.junit.IdeaTestRunner$Repeater.startRunnerWithArgs(IdeaTestRunner.java:33) [junit-rt.jar:?]
	at com.intellij.rt.junit.JUnitStarter.prepareStreamsAndStart(JUnitStarter.java:221) [junit-rt.jar:?]
	at com.intellij.rt.junit.JUnitStarter.main(JUnitStarter.java:54) [junit-rt.jar:?]
[19:15:56:053] [ERROR] - com.Dao.BaseDao.excuteQuery(BaseDao.java:85) - 查询时出现异常  null
[19:15:56:053] [WARN] - com.Dao.impl.BlogDaoImpl.findAllBlogInfo(BlogDaoImpl.java:230) - 在查询所有博文基本信息时出现错误  null
[19:17:08:168] [ERROR] - com.util.DataBaseUtil.getCon(DataBaseUtil.java:65) - 获取连接时出现异常
javax.naming.NoInitialContextException: Need to specify class name in environment or system property, or as an applet parameter, or in an application resource file:  java.naming.factory.initial
	at javax.naming.spi.NamingManager.getInitialContext(NamingManager.java:662) ~[?:1.8.0_281]
	at javax.naming.InitialContext.getDefaultInitCtx(InitialContext.java:313) ~[?:1.8.0_281]
	at javax.naming.InitialContext.getURLOrDefaultInitCtx(InitialContext.java:350) ~[?:1.8.0_281]
	at javax.naming.InitialContext.lookup(InitialContext.java:417) ~[?:1.8.0_281]
	at com.util.DataBaseUtil.getCon(DataBaseUtil.java:57) [classes/:?]
	at com.Service.impl.BlogServiceImpl.findAllBlogInfo(BlogServiceImpl.java:164) [classes/:?]
	at com.test.TestSql.mainTest(TestSql.java:17) [classes/:?]
	at sun.reflect.NativeMethodAccessorImpl.invoke0(Native Method) ~[?:1.8.0_281]
	at sun.reflect.NativeMethodAccessorImpl.invoke(NativeMethodAccessorImpl.java:62) ~[?:1.8.0_281]
	at sun.reflect.DelegatingMethodAccessorImpl.invoke(DelegatingMethodAccessorImpl.java:43) ~[?:1.8.0_281]
	at java.lang.reflect.Method.invoke(Method.java:498) ~[?:1.8.0_281]
	at org.junit.runners.model.FrameworkMethod$1.runReflectiveCall(FrameworkMethod.java:59) [junit-4.13.1.jar:4.13.1]
	at org.junit.internal.runners.model.ReflectiveCallable.run(ReflectiveCallable.java:12) [junit-4.13.1.jar:4.13.1]
	at org.junit.runners.model.FrameworkMethod.invokeExplosively(FrameworkMethod.java:56) [junit-4.13.1.jar:4.13.1]
	at org.junit.internal.runners.statements.InvokeMethod.evaluate(InvokeMethod.java:17) [junit-4.13.1.jar:4.13.1]
	at org.junit.runners.ParentRunner$3.evaluate(ParentRunner.java:306) [junit-4.13.1.jar:4.13.1]
	at org.junit.runners.BlockJUnit4ClassRunner$1.evaluate(BlockJUnit4ClassRunner.java:100) [junit-4.13.1.jar:4.13.1]
	at org.junit.runners.ParentRunner.runLeaf(ParentRunner.java:366) [junit-4.13.1.jar:4.13.1]
	at org.junit.runners.BlockJUnit4ClassRunner.runChild(BlockJUnit4ClassRunner.java:103) [junit-4.13.1.jar:4.13.1]
	at org.junit.runners.BlockJUnit4ClassRunner.runChild(BlockJUnit4ClassRunner.java:63) [junit-4.13.1.jar:4.13.1]
	at org.junit.runners.ParentRunner$4.run(ParentRunner.java:331) [junit-4.13.1.jar:4.13.1]
	at org.junit.runners.ParentRunner$1.schedule(ParentRunner.java:79) [junit-4.13.1.jar:4.13.1]
	at org.junit.runners.ParentRunner.runChildren(ParentRunner.java:329) [junit-4.13.1.jar:4.13.1]
	at org.junit.runners.ParentRunner.access$100(ParentRunner.java:66) [junit-4.13.1.jar:4.13.1]
	at org.junit.runners.ParentRunner$2.evaluate(ParentRunner.java:293) [junit-4.13.1.jar:4.13.1]
	at org.junit.runners.ParentRunner$3.evaluate(ParentRunner.java:306) [junit-4.13.1.jar:4.13.1]
	at org.junit.runners.ParentRunner.run(ParentRunner.java:413) [junit-4.13.1.jar:4.13.1]
	at org.junit.runner.JUnitCore.run(JUnitCore.java:137) [junit-4.13.1.jar:4.13.1]
	at com.intellij.junit4.JUnit4IdeaTestRunner.startRunnerWithArgs(JUnit4IdeaTestRunner.java:69) [junit-rt.jar:?]
	at com.intellij.rt.junit.IdeaTestRunner$Repeater.startRunnerWithArgs(IdeaTestRunner.java:33) [junit-rt.jar:?]
	at com.intellij.rt.junit.JUnitStarter.prepareStreamsAndStart(JUnitStarter.java:221) [junit-rt.jar:?]
	at com.intellij.rt.junit.JUnitStarter.main(JUnitStarter.java:54) [junit-rt.jar:?]
[19:17:08:178] [ERROR] - com.Dao.BaseDao.excuteQuery(BaseDao.java:85) - 查询时出现异常  null
[19:17:08:179] [WARN] - com.Dao.impl.BlogDaoImpl.findAllBlogInfo(BlogDaoImpl.java:230) - 在查询所有博文基本信息时出现错误  null
[19:17:22:718] [ERROR] - com.util.DataBaseUtil.getCon(DataBaseUtil.java:65) - 获取连接时出现异常
javax.naming.NoInitialContextException: Need to specify class name in environment or system property, or as an applet parameter, or in an application resource file:  java.naming.factory.initial
	at javax.naming.spi.NamingManager.getInitialContext(NamingManager.java:662) ~[?:1.8.0_281]
	at javax.naming.InitialContext.getDefaultInitCtx(InitialContext.java:313) ~[?:1.8.0_281]
	at javax.naming.InitialContext.getURLOrDefaultInitCtx(InitialContext.java:350) ~[?:1.8.0_281]
	at javax.naming.InitialContext.lookup(InitialContext.java:417) ~[?:1.8.0_281]
	at com.util.DataBaseUtil.getCon(DataBaseUtil.java:57) [classes/:?]
	at com.Service.impl.BlogServiceImpl.findAllBlogInfo(BlogServiceImpl.java:164) [classes/:?]
	at com.test.TestSql.mainTest(TestSql.java:17) [classes/:?]
	at sun.reflect.NativeMethodAccessorImpl.invoke0(Native Method) ~[?:1.8.0_281]
	at sun.reflect.NativeMethodAccessorImpl.invoke(NativeMethodAccessorImpl.java:62) ~[?:1.8.0_281]
	at sun.reflect.DelegatingMethodAccessorImpl.invoke(DelegatingMethodAccessorImpl.java:43) ~[?:1.8.0_281]
	at java.lang.reflect.Method.invoke(Method.java:498) ~[?:1.8.0_281]
	at org.junit.runners.model.FrameworkMethod$1.runReflectiveCall(FrameworkMethod.java:59) [junit-4.13.1.jar:4.13.1]
	at org.junit.internal.runners.model.ReflectiveCallable.run(ReflectiveCallable.java:12) [junit-4.13.1.jar:4.13.1]
	at org.junit.runners.model.FrameworkMethod.invokeExplosively(FrameworkMethod.java:56) [junit-4.13.1.jar:4.13.1]
	at org.junit.internal.runners.statements.InvokeMethod.evaluate(InvokeMethod.java:17) [junit-4.13.1.jar:4.13.1]
	at org.junit.runners.ParentRunner$3.evaluate(ParentRunner.java:306) [junit-4.13.1.jar:4.13.1]
	at org.junit.runners.BlockJUnit4ClassRunner$1.evaluate(BlockJUnit4ClassRunner.java:100) [junit-4.13.1.jar:4.13.1]
	at org.junit.runners.ParentRunner.runLeaf(ParentRunner.java:366) [junit-4.13.1.jar:4.13.1]
	at org.junit.runners.BlockJUnit4ClassRunner.runChild(BlockJUnit4ClassRunner.java:103) [junit-4.13.1.jar:4.13.1]
	at org.junit.runners.BlockJUnit4ClassRunner.runChild(BlockJUnit4ClassRunner.java:63) [junit-4.13.1.jar:4.13.1]
	at org.junit.runners.ParentRunner$4.run(ParentRunner.java:331) [junit-4.13.1.jar:4.13.1]
	at org.junit.runners.ParentRunner$1.schedule(ParentRunner.java:79) [junit-4.13.1.jar:4.13.1]
	at org.junit.runners.ParentRunner.runChildren(ParentRunner.java:329) [junit-4.13.1.jar:4.13.1]
	at org.junit.runners.ParentRunner.access$100(ParentRunner.java:66) [junit-4.13.1.jar:4.13.1]
	at org.junit.runners.ParentRunner$2.evaluate(ParentRunner.java:293) [junit-4.13.1.jar:4.13.1]
	at org.junit.runners.ParentRunner$3.evaluate(ParentRunner.java:306) [junit-4.13.1.jar:4.13.1]
	at org.junit.runners.ParentRunner.run(ParentRunner.java:413) [junit-4.13.1.jar:4.13.1]
	at org.junit.runner.JUnitCore.run(JUnitCore.java:137) [junit-4.13.1.jar:4.13.1]
	at com.intellij.junit4.JUnit4IdeaTestRunner.startRunnerWithArgs(JUnit4IdeaTestRunner.java:69) [junit-rt.jar:?]
	at com.intellij.rt.junit.IdeaTestRunner$Repeater.startRunnerWithArgs(IdeaTestRunner.java:33) [junit-rt.jar:?]
	at com.intellij.rt.junit.JUnitStarter.prepareStreamsAndStart(JUnitStarter.java:221) [junit-rt.jar:?]
	at com.intellij.rt.junit.JUnitStarter.main(JUnitStarter.java:54) [junit-rt.jar:?]
[19:17:22:727] [ERROR] - com.Dao.BaseDao.excuteQuery(BaseDao.java:85) - 查询时出现异常  null
[19:17:22:728] [WARN] - com.Dao.impl.BlogDaoImpl.findAllBlogInfo(BlogDaoImpl.java:230) - 在查询所有博文基本信息时出现错误  null
[19:21:47:435] [ERROR] - com.util.DataBaseUtil.getCon(DataBaseUtil.java:65) - 获取连接时出现异常
javax.naming.NoInitialContextException: Need to specify class name in environment or system property, or as an applet parameter, or in an application resource file:  java.naming.factory.initial
	at javax.naming.spi.NamingManager.getInitialContext(NamingManager.java:662) ~[?:1.8.0_281]
	at javax.naming.InitialContext.getDefaultInitCtx(InitialContext.java:313) ~[?:1.8.0_281]
	at javax.naming.InitialContext.getURLOrDefaultInitCtx(InitialContext.java:350) ~[?:1.8.0_281]
	at javax.naming.InitialContext.lookup(InitialContext.java:417) ~[?:1.8.0_281]
	at com.util.DataBaseUtil.getCon(DataBaseUtil.java:57) [classes/:?]
	at com.Service.impl.BlogServiceImpl.findAllBlogInfo(BlogServiceImpl.java:164) [classes/:?]
	at com.test.TestSql.mainTest(TestSql.java:17) [classes/:?]
	at sun.reflect.NativeMethodAccessorImpl.invoke0(Native Method) ~[?:1.8.0_281]
	at sun.reflect.NativeMethodAccessorImpl.invoke(NativeMethodAccessorImpl.java:62) ~[?:1.8.0_281]
	at sun.reflect.DelegatingMethodAccessorImpl.invoke(DelegatingMethodAccessorImpl.java:43) ~[?:1.8.0_281]
	at java.lang.reflect.Method.invoke(Method.java:498) ~[?:1.8.0_281]
	at org.junit.runners.model.FrameworkMethod$1.runReflectiveCall(FrameworkMethod.java:59) [junit-4.13.1.jar:4.13.1]
	at org.junit.internal.runners.model.ReflectiveCallable.run(ReflectiveCallable.java:12) [junit-4.13.1.jar:4.13.1]
	at org.junit.runners.model.FrameworkMethod.invokeExplosively(FrameworkMethod.java:56) [junit-4.13.1.jar:4.13.1]
	at org.junit.internal.runners.statements.InvokeMethod.evaluate(InvokeMethod.java:17) [junit-4.13.1.jar:4.13.1]
	at org.junit.runners.ParentRunner$3.evaluate(ParentRunner.java:306) [junit-4.13.1.jar:4.13.1]
	at org.junit.runners.BlockJUnit4ClassRunner$1.evaluate(BlockJUnit4ClassRunner.java:100) [junit-4.13.1.jar:4.13.1]
	at org.junit.runners.ParentRunner.runLeaf(ParentRunner.java:366) [junit-4.13.1.jar:4.13.1]
	at org.junit.runners.BlockJUnit4ClassRunner.runChild(BlockJUnit4ClassRunner.java:103) [junit-4.13.1.jar:4.13.1]
	at org.junit.runners.BlockJUnit4ClassRunner.runChild(BlockJUnit4ClassRunner.java:63) [junit-4.13.1.jar:4.13.1]
	at org.junit.runners.ParentRunner$4.run(ParentRunner.java:331) [junit-4.13.1.jar:4.13.1]
	at org.junit.runners.ParentRunner$1.schedule(ParentRunner.java:79) [junit-4.13.1.jar:4.13.1]
	at org.junit.runners.ParentRunner.runChildren(ParentRunner.java:329) [junit-4.13.1.jar:4.13.1]
	at org.junit.runners.ParentRunner.access$100(ParentRunner.java:66) [junit-4.13.1.jar:4.13.1]
	at org.junit.runners.ParentRunner$2.evaluate(ParentRunner.java:293) [junit-4.13.1.jar:4.13.1]
	at org.junit.runners.ParentRunner$3.evaluate(ParentRunner.java:306) [junit-4.13.1.jar:4.13.1]
	at org.junit.runners.ParentRunner.run(ParentRunner.java:413) [junit-4.13.1.jar:4.13.1]
	at org.junit.runner.JUnitCore.run(JUnitCore.java:137) [junit-4.13.1.jar:4.13.1]
	at com.intellij.junit4.JUnit4IdeaTestRunner.startRunnerWithArgs(JUnit4IdeaTestRunner.java:69) [junit-rt.jar:?]
	at com.intellij.rt.junit.IdeaTestRunner$Repeater.startRunnerWithArgs(IdeaTestRunner.java:33) [junit-rt.jar:?]
	at com.intellij.rt.junit.JUnitStarter.prepareStreamsAndStart(JUnitStarter.java:221) [junit-rt.jar:?]
	at com.intellij.rt.junit.JUnitStarter.main(JUnitStarter.java:54) [junit-rt.jar:?]
[19:21:47:445] [ERROR] - com.Dao.BaseDao.excuteQuery(BaseDao.java:85) - 查询时出现异常  null
[19:21:47:445] [WARN] - com.Dao.impl.BlogDaoImpl.findAllBlogInfo(BlogDaoImpl.java:230) - 在查询所有博文基本信息时出现错误  null
[19:24:50:783] [ERROR] - com.util.DataBaseUtil.getCon(DataBaseUtil.java:65) - 获取连接时出现异常
javax.naming.NoInitialContextException: Need to specify class name in environment or system property, or as an applet parameter, or in an application resource file:  java.naming.factory.initial
	at javax.naming.spi.NamingManager.getInitialContext(NamingManager.java:662) ~[?:1.8.0_281]
	at javax.naming.InitialContext.getDefaultInitCtx(InitialContext.java:313) ~[?:1.8.0_281]
	at javax.naming.InitialContext.getURLOrDefaultInitCtx(InitialContext.java:350) ~[?:1.8.0_281]
	at javax.naming.InitialContext.lookup(InitialContext.java:417) ~[?:1.8.0_281]
	at com.util.DataBaseUtil.getCon(DataBaseUtil.java:57) [classes/:?]
	at com.Service.impl.BlogServiceImpl.findAllBlogInfo(BlogServiceImpl.java:164) [classes/:?]
	at com.test.TestSql.mainTest(TestSql.java:20) [classes/:?]
	at sun.reflect.NativeMethodAccessorImpl.invoke0(Native Method) ~[?:1.8.0_281]
	at sun.reflect.NativeMethodAccessorImpl.invoke(NativeMethodAccessorImpl.java:62) ~[?:1.8.0_281]
	at sun.reflect.DelegatingMethodAccessorImpl.invoke(DelegatingMethodAccessorImpl.java:43) ~[?:1.8.0_281]
	at java.lang.reflect.Method.invoke(Method.java:498) ~[?:1.8.0_281]
	at org.junit.runners.model.FrameworkMethod$1.runReflectiveCall(FrameworkMethod.java:59) [junit-4.13.1.jar:4.13.1]
	at org.junit.internal.runners.model.ReflectiveCallable.run(ReflectiveCallable.java:12) [junit-4.13.1.jar:4.13.1]
	at org.junit.runners.model.FrameworkMethod.invokeExplosively(FrameworkMethod.java:56) [junit-4.13.1.jar:4.13.1]
	at org.junit.internal.runners.statements.InvokeMethod.evaluate(InvokeMethod.java:17) [junit-4.13.1.jar:4.13.1]
	at org.junit.runners.ParentRunner$3.evaluate(ParentRunner.java:306) [junit-4.13.1.jar:4.13.1]
	at org.junit.runners.BlockJUnit4ClassRunner$1.evaluate(BlockJUnit4ClassRunner.java:100) [junit-4.13.1.jar:4.13.1]
	at org.junit.runners.ParentRunner.runLeaf(ParentRunner.java:366) [junit-4.13.1.jar:4.13.1]
	at org.junit.runners.BlockJUnit4ClassRunner.runChild(BlockJUnit4ClassRunner.java:103) [junit-4.13.1.jar:4.13.1]
	at org.junit.runners.BlockJUnit4ClassRunner.runChild(BlockJUnit4ClassRunner.java:63) [junit-4.13.1.jar:4.13.1]
	at org.junit.runners.ParentRunner$4.run(ParentRunner.java:331) [junit-4.13.1.jar:4.13.1]
	at org.junit.runners.ParentRunner$1.schedule(ParentRunner.java:79) [junit-4.13.1.jar:4.13.1]
	at org.junit.runners.ParentRunner.runChildren(ParentRunner.java:329) [junit-4.13.1.jar:4.13.1]
	at org.junit.runners.ParentRunner.access$100(ParentRunner.java:66) [junit-4.13.1.jar:4.13.1]
	at org.junit.runners.ParentRunner$2.evaluate(ParentRunner.java:293) [junit-4.13.1.jar:4.13.1]
	at org.junit.runners.ParentRunner$3.evaluate(ParentRunner.java:306) [junit-4.13.1.jar:4.13.1]
	at org.junit.runners.ParentRunner.run(ParentRunner.java:413) [junit-4.13.1.jar:4.13.1]
	at org.junit.runner.JUnitCore.run(JUnitCore.java:137) [junit-4.13.1.jar:4.13.1]
	at com.intellij.junit4.JUnit4IdeaTestRunner.startRunnerWithArgs(JUnit4IdeaTestRunner.java:69) [junit-rt.jar:?]
	at com.intellij.rt.junit.IdeaTestRunner$Repeater.startRunnerWithArgs(IdeaTestRunner.java:33) [junit-rt.jar:?]
	at com.intellij.rt.junit.JUnitStarter.prepareStreamsAndStart(JUnitStarter.java:221) [junit-rt.jar:?]
	at com.intellij.rt.junit.JUnitStarter.main(JUnitStarter.java:54) [junit-rt.jar:?]
[19:24:50:796] [ERROR] - com.Dao.BaseDao.excuteQuery(BaseDao.java:85) - 查询时出现异常  null
[19:24:50:797] [WARN] - com.Dao.impl.BlogDaoImpl.findAllBlogInfo(BlogDaoImpl.java:230) - 在查询所有博文基本信息时出现错误  null
